Using pre-set license
Built from '2020.3/staging' branch; Version is '2020.3.17f1 (a4537701e4ab) revision 10769271'; Using compiler version '192528614'; Build Type 'Release'
OS: 'Windows 10 Pro; OS build 19043.1237; Version 2009; 64bit' Language: 'ko' Physical Memory: 31692 MB
BatchMode: 1, IsHumanControllingUs: 0, StartBugReporterOnCrash: 0, Is64bit: 1, IsPro: 0

COMMAND LINE ARGUMENTS:
E:\Unity\2020.3.17f1\Editor\Unity.exe
-adb2
-batchMode
-noUpm
-name
AssetImportWorker0
-projectPath
E:/dataDownload/Googi/Portforio/Unity/UnityPortfolio_JangHuiJeong/JangHuiJeong_UnityPortforlio
-logFile
Logs/AssetImportWorker0.log
-srvPort
13165
Successfully changed project path to: E:/dataDownload/Googi/Portforio/Unity/UnityPortfolio_JangHuiJeong/JangHuiJeong_UnityPortforlio
E:/dataDownload/Googi/Portforio/Unity/UnityPortfolio_JangHuiJeong/JangHuiJeong_UnityPortforlio
Using Asset Import Pipeline V2.
Refreshing native plugins compatible for Editor in 35.87 ms, found 2 plugins.
Preloading 0 native plugins for Editor in 0.00 ms.
Initialize engine version: 2020.3.17f1 (a4537701e4ab)
[Subsystems] Discovering subsystems at path E:/Unity/2020.3.17f1/Editor/Data/Resources/UnitySubsystems
[Subsystems] Discovering subsystems at path E:/dataDownload/Googi/Portforio/Unity/UnityPortfolio_JangHuiJeong/JangHuiJeong_UnityPortforlio/Assets
GfxDevice: creating device client; threaded=0
Direct3D:
    Version:  Direct3D 11.0 [level 11.1]
    Renderer: NVIDIA GeForce GTX 1050 Ti (ID=0x1c82)
    Vendor:   
    VRAM:     4018 MB
    Driver:   27.21.14.5671
Initialize mono
Mono path[0] = 'E:/Unity/2020.3.17f1/Editor/Data/Managed'
Mono path[1] = 'E:/Unity/2020.3.17f1/Editor/Data/MonoBleedingEdge/lib/mono/unityjit'
Mono config path = 'E:/Unity/2020.3.17f1/Editor/Data/MonoBleedingEdge/etc'
Using monoOptions --debugger-agent=transport=dt_socket,embedding=1,server=y,suspend=n,address=127.0.0.1:56516
Begin MonoManager ReloadAssembly
Registering precompiled unity dll's ...
Register platform support module: E:/Unity/2020.3.17f1/Editor/Data/PlaybackEngines/WindowsStandaloneSupport/UnityEditor.WindowsStandalone.Extensions.dll
Registered in 0.002496 seconds.
Native extension for WindowsStandalone target not found
Refreshing native plugins compatible for Editor in 36.75 ms, found 2 plugins.
Preloading 0 native plugins for Editor in 0.00 ms.
Mono: successfully reloaded assembly
- Completed reload, in  2.008 seconds
Domain Reload Profiling:
	ReloadAssembly (2009ms)
		BeginReloadAssembly (76ms)
			ExecutionOrderSort (0ms)
			DisableScriptedObjects (0ms)
			BackupInstance (0ms)
			ReleaseScriptingObjects (0ms)
			CreateAndSetChildDomain (1ms)
		EndReloadAssembly (557ms)
			LoadAssemblies (73ms)
			RebuildTransferFunctionScriptingTraits (0ms)
			SetupTypeCache (184ms)
			ReleaseScriptCaches (0ms)
			RebuildScriptCaches (41ms)
			SetupLoadedEditorAssemblies (212ms)
				LogAssemblyErrors (0ms)
				InitializePlatformSupportModulesInManaged (5ms)
				SetLoadedEditorAssemblies (0ms)
				RefreshPlugins (37ms)
				BeforeProcessingInitializeOnLoad (23ms)
				ProcessInitializeOnLoadAttributes (102ms)
				ProcessInitializeOnLoadMethodAttributes (45ms)
				AfterProcessingInitializeOnLoad (0ms)
				EditorAssembliesLoaded (0ms)
			ExecutionOrderSort2 (0ms)
			AwakeInstancesAfterBackupRestoration (0ms)
Platform modules already initialized, skipping
Registering precompiled user dll's ...
Registered in 0.006489 seconds.
Begin MonoManager ReloadAssembly
Native extension for WindowsStandalone target not found
Refreshing native plugins compatible for Editor in 0.45 ms, found 2 plugins.
Preloading 0 native plugins for Editor in 0.00 ms.
Mono: successfully reloaded assembly
- Completed reload, in  1.468 seconds
Domain Reload Profiling:
	ReloadAssembly (1469ms)
		BeginReloadAssembly (191ms)
			ExecutionOrderSort (0ms)
			DisableScriptedObjects (6ms)
			BackupInstance (0ms)
			ReleaseScriptingObjects (0ms)
			CreateAndSetChildDomain (26ms)
		EndReloadAssembly (1187ms)
			LoadAssemblies (105ms)
			RebuildTransferFunctionScriptingTraits (0ms)
			SetupTypeCache (343ms)
			ReleaseScriptCaches (0ms)
			RebuildScriptCaches (54ms)
			SetupLoadedEditorAssemblies (528ms)
				LogAssemblyErrors (0ms)
				InitializePlatformSupportModulesInManaged (8ms)
				SetLoadedEditorAssemblies (1ms)
				RefreshPlugins (1ms)
				BeforeProcessingInitializeOnLoad (103ms)
				ProcessInitializeOnLoadAttributes (400ms)
				ProcessInitializeOnLoadMethodAttributes (7ms)
				AfterProcessingInitializeOnLoad (9ms)
				EditorAssembliesLoaded (0ms)
			ExecutionOrderSort2 (0ms)
			AwakeInstancesAfterBackupRestoration (10ms)
Platform modules already initialized, skipping
========================================================================
Worker process is ready to serve import requests
Launched and connected shader compiler UnityShaderCompiler.exe after 0.04 seconds
Refreshing native plugins compatible for Editor in 0.74 ms, found 2 plugins.
Preloading 0 native plugins for Editor in 0.00 ms.
Unloading 1405 Unused Serialized files (Serialized files now loaded: 0)
System memory in use before: 68.0 MB.
System memory in use after: 68.1 MB.

Unloading 18 unused Assets to reduce memory usage. Loaded Objects now: 1840.
Total: 3.226400 ms (FindLiveObjects: 0.176100 ms CreateObjectMapping: 0.032600 ms MarkObjects: 2.936000 ms  DeleteObjects: 0.080400 ms)

AssetImportParameters requested are different than current active one (requested -> active):
  custom:framework-win-MediaFoundation: 216162199b28c13a410421893ffa2e32 -> 
  custom:video-decoder-ogg-theora: a1e56fd34408186e4bbccfd4996cb3dc -> 
  custom:container-muxer-webm: aa71ff27fc2769a1b78a27578f13a17b -> 
  custom:container-demuxer-webm: 4f35f7cbe854078d1ac9338744f61a02 -> 
  custom:container-demuxer-ogg: 62fdf1f143b41e24485cea50d1cbac27 -> 
  custom:video-encoder-webm-vp8: eb34c28f22e8b96e1ab97ce403110664 -> 
  custom:video-codec-MediaFoundation-h265: 746d11721c4dcdbdad8f713fa42b33f4 -> 
  custom:video-decoder-webm-vp8: 9c59270c3fd7afecdb556c50c9e8de78 -> 
  custom:audio-decoder-ogg-vorbis: bf7c407c2cedff20999df2af8eb42d56 -> 
  custom:audio-encoder-webm-vorbis: bf7c407c2cedff20999df2af8eb42d56 -> 
========================================================================
Received Import Request.
  path: Assets/Suburban Structure Kit/Models/BaseboardColonial.fbx
  artifactKey: Guid(ed82145e84d27fd4ea33213fbf8e1980) Importer(815301076,1909f56bfc062723c751e8b465ee728b)
Start importing Assets/Suburban Structure Kit/Models/BaseboardColonial.fbx using Guid(ed82145e84d27fd4ea33213fbf8e1980) Importer(815301076,1909f56bfc062723c751e8b465ee728b)  -> (artifact id: '61b30255194219311eeab760b291af5a') in 0.181624 seconds 
  Import took 0.184773 seconds .

========================================================================
Received Import Request.
  Time since last request: 0.000206 seconds.
  path: Assets/Suburban Structure Kit
  artifactKey: Guid(32e5f74446d97b24e984894c3fe47f2e) Importer(815301076,1909f56bfc062723c751e8b465ee728b)
Start importing Assets/Suburban Structure Kit using Guid(32e5f74446d97b24e984894c3fe47f2e) Importer(815301076,1909f56bfc062723c751e8b465ee728b)  -> (artifact id: 'dcdae37f65a1d7f909a30225350d33ca') in 0.002529 seconds 
  Import took 0.005558 seconds .

========================================================================
Received Import Request.
  Time since last request: 0.000221 seconds.
  path: Assets/Suburban Structure Kit/Models/CornerBead.fbx
  artifactKey: Guid(4148f18414095e7409d92b4a3f7bcec5) Importer(815301076,1909f56bfc062723c751e8b465ee728b)
Start importing Assets/Suburban Structure Kit/Models/CornerBead.fbx using Guid(4148f18414095e7409d92b4a3f7bcec5) Importer(815301076,1909f56bfc062723c751e8b465ee728b)  -> (artifact id: '4705fda4e487545f888f1c6957b5ff6b') in 0.038261 seconds 
  Import took 0.041780 seconds .

========================================================================
Received Import Request.
  Time since last request: 3.362373 seconds.
  path: Assets/House.prefab
  artifactKey: Guid(fb33e51d3c48883499753240a10c1882) Importer(815301076,1909f56bfc062723c751e8b465ee728b)
Start importing Assets/House.prefab using Guid(fb33e51d3c48883499753240a10c1882) Importer(815301076,1909f56bfc062723c751e8b465ee728b)  -> (artifact id: 'ed651a6b6583a627e73eef84191bf432') in 0.297139 seconds 
  Import took 0.308525 seconds .

========================================================================
Received Import Request.
  Time since last request: 1.323909 seconds.
  path: Assets/House2.prefab
  artifactKey: Guid(f20331f724872a245a28da2d48f0e7ea) Importer(815301076,1909f56bfc062723c751e8b465ee728b)
Start importing Assets/House2.prefab using Guid(f20331f724872a245a28da2d48f0e7ea) Importer(815301076,1909f56bfc062723c751e8b465ee728b)  -> (artifact id: 'c039e10693248c43e37f191b623f0239') in 0.533639 seconds 
  Import took 0.590079 seconds .

========================================================================
Received Import Request.
  Time since last request: 7.861691 seconds.
  path: Assets/Door (1).prefab
  artifactKey: Guid(9d25a94e1e265d64abb1abb219a3da58) Importer(815301076,1909f56bfc062723c751e8b465ee728b)
Start importing Assets/Door (1).prefab using Guid(9d25a94e1e265d64abb1abb219a3da58) Importer(815301076,1909f56bfc062723c751e8b465ee728b)  -> (artifact id: 'f709f305b4a319c19ea6b8a8a2229b20') in 0.006287 seconds 
  Import took 0.009395 seconds .

========================================================================
Received Import Request.
  Time since last request: 0.027002 seconds.
  path: Assets/Door (1).prefab
  artifactKey: Guid(9d25a94e1e265d64abb1abb219a3da58) Importer(815301076,1909f56bfc062723c751e8b465ee728b)
Start importing Assets/Door (1).prefab using Guid(9d25a94e1e265d64abb1abb219a3da58) Importer(815301076,1909f56bfc062723c751e8b465ee728b)  -> (artifact id: 'f709f305b4a319c19ea6b8a8a2229b20') in 0.005298 seconds 
  Import took 0.008344 seconds .

========================================================================
Received Import Request.
  Time since last request: 22.182016 seconds.
  path: Assets/FurnishedCabin/Animations
  artifactKey: Guid(a58f9e16abcc82d4698e94408dbef9d2) Importer(815301076,1909f56bfc062723c751e8b465ee728b)
Start importing Assets/FurnishedCabin/Animations using Guid(a58f9e16abcc82d4698e94408dbef9d2) Importer(815301076,1909f56bfc062723c751e8b465ee728b)  -> (artifact id: '9fa6d6f6955eefa9a31675f624257892') in 0.003014 seconds 
  Import took 0.006323 seconds .

========================================================================
Received Import Request.
  Time since last request: 1.909962 seconds.
  path: Assets/FurnishedCabin/Animations/KitchenBench/KitchenBench02_Close.anim
  artifactKey: Guid(7c2fed112c3a34a1285c34ffd52251df) Importer(815301076,1909f56bfc062723c751e8b465ee728b)
Start importing Assets/FurnishedCabin/Animations/KitchenBench/KitchenBench02_Close.anim using Guid(7c2fed112c3a34a1285c34ffd52251df) Importer(815301076,1909f56bfc062723c751e8b465ee728b)  -> (artifact id: 'b663cd67c6a61d439854dc01952f9600') in 0.005415 seconds 
  Import took 0.008656 seconds .

========================================================================
Received Import Request.
  Time since last request: 0.002535 seconds.
  path: Assets/FurnishedCabin/Animations/KitchenBench/KitchenBench02_Close.anim
  artifactKey: Guid(7c2fed112c3a34a1285c34ffd52251df) Importer(815301076,1909f56bfc062723c751e8b465ee728b)
Start importing Assets/FurnishedCabin/Animations/KitchenBench/KitchenBench02_Close.anim using Guid(7c2fed112c3a34a1285c34ffd52251df) Importer(815301076,1909f56bfc062723c751e8b465ee728b)  -> (artifact id: 'b663cd67c6a61d439854dc01952f9600') in 0.003681 seconds 
  Import took 0.007520 seconds .

========================================================================
Received Import Request.
  Time since last request: 0.424666 seconds.
  path: Assets/FurnishedCabin/Animations/KitchenBench/KitchenBench06_Open.anim
  artifactKey: Guid(8aad2d02ed2e6438ab490da9bce0b7d0) Importer(815301076,1909f56bfc062723c751e8b465ee728b)
Start importing Assets/FurnishedCabin/Animations/KitchenBench/KitchenBench06_Open.anim using Guid(8aad2d02ed2e6438ab490da9bce0b7d0) Importer(815301076,1909f56bfc062723c751e8b465ee728b)  -> (artifact id: '6aa4ca5cad521bb0f389f344aebcd12e') in 0.003926 seconds 
  Import took 0.006981 seconds .

========================================================================
Received Import Request.
  Time since last request: 2.037317 seconds.
  path: Assets/FurnishedCabin/Animations/Closet
  artifactKey: Guid(606fea619fdf3a3489c85cb5b5b5d6bf) Importer(815301076,1909f56bfc062723c751e8b465ee728b)
Start importing Assets/FurnishedCabin/Animations/Closet using Guid(606fea619fdf3a3489c85cb5b5b5d6bf) Importer(815301076,1909f56bfc062723c751e8b465ee728b)  -> (artifact id: 'f74051cee63cd4d2e2138851aad2c41d') in 0.002532 seconds 
  Import took 0.005464 seconds .

========================================================================
Received Import Request.
  Time since last request: 1.068582 seconds.
  path: Assets/FurnishedCabin/Animations/TVStand
  artifactKey: Guid(ca094223ab14ad34ba7aa677a5d3466f) Importer(815301076,1909f56bfc062723c751e8b465ee728b)
Start importing Assets/FurnishedCabin/Animations/TVStand using Guid(ca094223ab14ad34ba7aa677a5d3466f) Importer(815301076,1909f56bfc062723c751e8b465ee728b)  -> (artifact id: '34925af2eb104075725114f1e376524e') in 0.003231 seconds 
  Import took 0.006398 seconds .

========================================================================
Received Import Request.
  Time since last request: 5.545201 seconds.
  path: Assets/FurnishedCabin/Meshes/BedsideTable.fbx
  artifactKey: Guid(045a04ff344c14574b5a7bfd7a6e86cb) Importer(815301076,1909f56bfc062723c751e8b465ee728b)
Start importing Assets/FurnishedCabin/Meshes/BedsideTable.fbx using Guid(045a04ff344c14574b5a7bfd7a6e86cb) Importer(815301076,1909f56bfc062723c751e8b465ee728b)  -> (artifact id: '1ba13780fcf46ea31d3256b5645e0b5a') in 0.041458 seconds 
  Import took 0.044591 seconds .

========================================================================
Received Import Request.
  Time since last request: 0.426587 seconds.
  path: Assets/FurnishedCabin/Meshes/Fridge.fbx
  artifactKey: Guid(5de4dc4e4227b4ebbb0d9d8e1fc89801) Importer(815301076,1909f56bfc062723c751e8b465ee728b)
Start importing Assets/FurnishedCabin/Meshes/Fridge.fbx using Guid(5de4dc4e4227b4ebbb0d9d8e1fc89801) Importer(815301076,1909f56bfc062723c751e8b465ee728b)  -> (artifact id: 'b485c398ca27332626ffdbbc6ebbcee2') in 0.026398 seconds 
  Import took 0.029557 seconds .

========================================================================
Received Import Request.
  Time since last request: 0.474078 seconds.
  path: Assets/FurnishedCabin/Meshes/OvenExhaustFan.fbx
  artifactKey: Guid(85bb7b7b18a084921b183acf5a2e3e64) Importer(815301076,1909f56bfc062723c751e8b465ee728b)
Start importing Assets/FurnishedCabin/Meshes/OvenExhaustFan.fbx using Guid(85bb7b7b18a084921b183acf5a2e3e64) Importer(815301076,1909f56bfc062723c751e8b465ee728b)  -> (artifact id: '5af82adef588bd9559394ac903d35316') in 0.028572 seconds 
  Import took 0.032166 seconds .

========================================================================
Received Import Request.
  Time since last request: 6.791134 seconds.
  path: Assets/FurnishedCabin/Prefabs/PFB_Stove.prefab
  artifactKey: Guid(b4764cfeb20ff438d99a93c5f344a5ee) Importer(815301076,1909f56bfc062723c751e8b465ee728b)
Start importing Assets/FurnishedCabin/Prefabs/PFB_Stove.prefab using Guid(b4764cfeb20ff438d99a93c5f344a5ee) Importer(815301076,1909f56bfc062723c751e8b465ee728b)  -> (artifact id: '8449613c5fda03e72b89feecfece7abf') in 0.025336 seconds 
  Import took 0.028674 seconds .

========================================================================
Received Prepare
Registering precompiled user dll's ...
Registered in 0.006290 seconds.
Begin MonoManager ReloadAssembly
Native extension for WindowsStandalone target not found
Refreshing native plugins compatible for Editor in 0.37 ms, found 2 plugins.
Preloading 0 native plugins for Editor in 0.00 ms.
Mono: successfully reloaded assembly
- Completed reload, in  1.443 seconds
Domain Reload Profiling:
	ReloadAssembly (1443ms)
		BeginReloadAssembly (149ms)
			ExecutionOrderSort (0ms)
			DisableScriptedObjects (7ms)
			BackupInstance (0ms)
			ReleaseScriptingObjects (0ms)
			CreateAndSetChildDomain (42ms)
		EndReloadAssembly (1198ms)
			LoadAssemblies (129ms)
			RebuildTransferFunctionScriptingTraits (0ms)
			SetupTypeCache (345ms)
			ReleaseScriptCaches (1ms)
			RebuildScriptCaches (53ms)
			SetupLoadedEditorAssemblies (530ms)
				LogAssemblyErrors (0ms)
				InitializePlatformSupportModulesInManaged (6ms)
				SetLoadedEditorAssemblies (1ms)
				RefreshPlugins (1ms)
				BeforeProcessingInitializeOnLoad (83ms)
				ProcessInitializeOnLoadAttributes (419ms)
				ProcessInitializeOnLoadMethodAttributes (10ms)
				AfterProcessingInitializeOnLoad (10ms)
				EditorAssembliesLoaded (0ms)
			ExecutionOrderSort2 (0ms)
			AwakeInstancesAfterBackupRestoration (11ms)
Platform modules already initialized, skipping
Refreshing native plugins compatible for Editor in 0.50 ms, found 2 plugins.
Preloading 0 native plugins for Editor in 0.00 ms.
Unloading 1395 Unused Serialized files (Serialized files now loaded: 0)
System memory in use before: 75.8 MB.
System memory in use after: 75.9 MB.

Unloading 16 unused Assets to reduce memory usage. Loaded Objects now: 1886.
Total: 3.006900 ms (FindLiveObjects: 0.186200 ms CreateObjectMapping: 0.039600 ms MarkObjects: 2.754900 ms  DeleteObjects: 0.024900 ms)

AssetImportParameters requested are different than current active one (requested -> active):
  custom:framework-win-MediaFoundation: 216162199b28c13a410421893ffa2e32 -> 
  custom:video-decoder-ogg-theora: a1e56fd34408186e4bbccfd4996cb3dc -> 
  custom:container-muxer-webm: aa71ff27fc2769a1b78a27578f13a17b -> 
  custom:container-demuxer-webm: 4f35f7cbe854078d1ac9338744f61a02 -> 
  custom:container-demuxer-ogg: 62fdf1f143b41e24485cea50d1cbac27 -> 
  custom:video-encoder-webm-vp8: eb34c28f22e8b96e1ab97ce403110664 -> 
  custom:video-codec-MediaFoundation-h265: 746d11721c4dcdbdad8f713fa42b33f4 -> 
  custom:video-decoder-webm-vp8: 9c59270c3fd7afecdb556c50c9e8de78 -> 
  custom:audio-decoder-ogg-vorbis: bf7c407c2cedff20999df2af8eb42d56 -> 
  custom:audio-encoder-webm-vorbis: bf7c407c2cedff20999df2af8eb42d56 -> 
========================================================================
Received Import Request.
  Time since last request: 90.006270 seconds.
  path: Assets/BigFurniturePack/Models
  artifactKey: Guid(1d66625e65d026448940250c6defc3e7) Importer(815301076,1909f56bfc062723c751e8b465ee728b)
Start importing Assets/BigFurniturePack/Models using Guid(1d66625e65d026448940250c6defc3e7) Importer(815301076,1909f56bfc062723c751e8b465ee728b)  -> (artifact id: '84e72077449ec42f4bfe5da896373a59') in 0.006452 seconds 
  Import took 0.009633 seconds .

========================================================================
Received Import Request.
  Time since last request: 0.001383 seconds.
  path: Assets/BigFurniturePack/Models
  artifactKey: Guid(1d66625e65d026448940250c6defc3e7) Importer(815301076,1909f56bfc062723c751e8b465ee728b)
Start importing Assets/BigFurniturePack/Models using Guid(1d66625e65d026448940250c6defc3e7) Importer(815301076,1909f56bfc062723c751e8b465ee728b)  -> (artifact id: '84e72077449ec42f4bfe5da896373a59') in 0.002301 seconds 
  Import took 0.005335 seconds .

========================================================================
Received Import Request.
  Time since last request: 2.754572 seconds.
  path: Assets/BigFurniturePack/FurniturePackModels
  artifactKey: Guid(1d66625e65d026448940250c6defc3e7) Importer(815301076,1909f56bfc062723c751e8b465ee728b)
Start importing Assets/BigFurniturePack/FurniturePackModels using Guid(1d66625e65d026448940250c6defc3e7) Importer(815301076,1909f56bfc062723c751e8b465ee728b)  -> (artifact id: 'ce228775e6865ad3eff9a51b615b92b1') in 0.002118 seconds 
  Import took 0.004759 seconds .

========================================================================
Received Import Request.
  Time since last request: 1.068087 seconds.
  path: Assets/BigFurniturePack/Prefabs
  artifactKey: Guid(73ad0a0f900bec444a1a2bbf5a563071) Importer(815301076,1909f56bfc062723c751e8b465ee728b)
Start importing Assets/BigFurniturePack/Prefabs using Guid(73ad0a0f900bec444a1a2bbf5a563071) Importer(815301076,1909f56bfc062723c751e8b465ee728b)  -> (artifact id: '74f68dc9417c05103b74c9f07f9e98c8') in 0.002435 seconds 
  Import took 0.005342 seconds .

========================================================================
Received Import Request.
  Time since last request: 2.631039 seconds.
  path: Assets/BigFurniturePack/FurniturePackPrefabs
  artifactKey: Guid(73ad0a0f900bec444a1a2bbf5a563071) Importer(815301076,1909f56bfc062723c751e8b465ee728b)
Start importing Assets/BigFurniturePack/FurniturePackPrefabs using Guid(73ad0a0f900bec444a1a2bbf5a563071) Importer(815301076,1909f56bfc062723c751e8b465ee728b)  -> (artifact id: 'c404286f56728f5c1d0a3f97bf37bc74') in 0.002750 seconds 
  Import took 0.006033 seconds .

========================================================================
Received Import Request.
  Time since last request: 1.375591 seconds.
  path: Assets/BigFurniturePack/Textures
  artifactKey: Guid(8df884cfcff013741a8afdd261ce6a17) Importer(815301076,1909f56bfc062723c751e8b465ee728b)
Start importing Assets/BigFurniturePack/Textures using Guid(8df884cfcff013741a8afdd261ce6a17) Importer(815301076,1909f56bfc062723c751e8b465ee728b)  -> (artifact id: '29d019da6d23e143a3ad6cd2a37f9a41') in 0.002787 seconds 
  Import took 0.005646 seconds .

========================================================================
Received Import Request.
  Time since last request: 2.246889 seconds.
  path: Assets/BigFurniturePack/FurniturePackTextures
  artifactKey: Guid(8df884cfcff013741a8afdd261ce6a17) Importer(815301076,1909f56bfc062723c751e8b465ee728b)
Start importing Assets/BigFurniturePack/FurniturePackTextures using Guid(8df884cfcff013741a8afdd261ce6a17) Importer(815301076,1909f56bfc062723c751e8b465ee728b)  -> (artifact id: '604a0c292c93a42b892164ceb72900b7') in 0.002654 seconds 
  Import took 0.006050 seconds .

========================================================================
Received Import Request.
  Time since last request: 21.759858 seconds.
  path: Assets/Resource/Modeling
  artifactKey: Guid(c744fb71539c55a429edb7211e6a7016) Importer(815301076,1909f56bfc062723c751e8b465ee728b)
Start importing Assets/Resource/Modeling using Guid(c744fb71539c55a429edb7211e6a7016) Importer(815301076,1909f56bfc062723c751e8b465ee728b)  -> (artifact id: '62b94777039234f89228d0962f981ee4') in 0.003091 seconds 
  Import took 0.006190 seconds .

========================================================================
Received Import Request.
  Time since last request: 23.992594 seconds.
  path: Assets/Resource/Prefabs/MakeModelingPrefab
  artifactKey: Guid(257926e4460619b4ca33a551507b0fe6) Importer(815301076,1909f56bfc062723c751e8b465ee728b)
Start importing Assets/Resource/Prefabs/MakeModelingPrefab using Guid(257926e4460619b4ca33a551507b0fe6) Importer(815301076,1909f56bfc062723c751e8b465ee728b)  -> (artifact id: 'e6b09f2e6376e0ee68b0dd433fc052de') in 0.002340 seconds 
  Import took 0.005245 seconds .

AssetImportWorkerClient::OnTransportError - code=2 error=End of file
