Using pre-set license
Built from '2020.3/staging' branch; Version is '2020.3.17f1 (a4537701e4ab) revision 10769271'; Using compiler version '192528614'; Build Type 'Release'
OS: 'Windows 10 Pro; OS build 19043.1237; Version 2009; 64bit' Language: 'ko' Physical Memory: 31692 MB
BatchMode: 1, IsHumanControllingUs: 0, StartBugReporterOnCrash: 0, Is64bit: 1, IsPro: 0

COMMAND LINE ARGUMENTS:
E:\Unity\2020.3.17f1\Editor\Unity.exe
-adb2
-batchMode
-noUpm
-name
AssetImportWorker0
-projectPath
E:/dataDownload/Googi/Portforio/Unity/UnityPortfolio_JangHuiJeong/JangHuiJeong_UnityPortforlio
-logFile
Logs/AssetImportWorker0.log
-srvPort
9027
Successfully changed project path to: E:/dataDownload/Googi/Portforio/Unity/UnityPortfolio_JangHuiJeong/JangHuiJeong_UnityPortforlio
E:/dataDownload/Googi/Portforio/Unity/UnityPortfolio_JangHuiJeong/JangHuiJeong_UnityPortforlio
Using Asset Import Pipeline V2.
Refreshing native plugins compatible for Editor in 35.10 ms, found 2 plugins.
Preloading 0 native plugins for Editor in 0.00 ms.
Initialize engine version: 2020.3.17f1 (a4537701e4ab)
[Subsystems] Discovering subsystems at path E:/Unity/2020.3.17f1/Editor/Data/Resources/UnitySubsystems
[Subsystems] Discovering subsystems at path E:/dataDownload/Googi/Portforio/Unity/UnityPortfolio_JangHuiJeong/JangHuiJeong_UnityPortforlio/Assets
GfxDevice: creating device client; threaded=0
Direct3D:
    Version:  Direct3D 11.0 [level 11.1]
    Renderer: NVIDIA GeForce GTX 1050 Ti (ID=0x1c82)
    Vendor:   
    VRAM:     4018 MB
    Driver:   27.21.14.5671
Initialize mono
Mono path[0] = 'E:/Unity/2020.3.17f1/Editor/Data/Managed'
Mono path[1] = 'E:/Unity/2020.3.17f1/Editor/Data/MonoBleedingEdge/lib/mono/unityjit'
Mono config path = 'E:/Unity/2020.3.17f1/Editor/Data/MonoBleedingEdge/etc'
Using monoOptions --debugger-agent=transport=dt_socket,embedding=1,server=y,suspend=n,address=127.0.0.1:56896
Begin MonoManager ReloadAssembly
Registering precompiled unity dll's ...
Register platform support module: E:/Unity/2020.3.17f1/Editor/Data/PlaybackEngines/WindowsStandaloneSupport/UnityEditor.WindowsStandalone.Extensions.dll
Registered in 0.002510 seconds.
Native extension for WindowsStandalone target not found
Refreshing native plugins compatible for Editor in 39.17 ms, found 2 plugins.
Preloading 0 native plugins for Editor in 0.00 ms.
Mono: successfully reloaded assembly
- Completed reload, in  2.084 seconds
Domain Reload Profiling:
	ReloadAssembly (2084ms)
		BeginReloadAssembly (71ms)
			ExecutionOrderSort (0ms)
			DisableScriptedObjects (0ms)
			BackupInstance (0ms)
			ReleaseScriptingObjects (0ms)
			CreateAndSetChildDomain (1ms)
		EndReloadAssembly (586ms)
			LoadAssemblies (69ms)
			RebuildTransferFunctionScriptingTraits (0ms)
			SetupTypeCache (206ms)
			ReleaseScriptCaches (0ms)
			RebuildScriptCaches (47ms)
			SetupLoadedEditorAssemblies (218ms)
				LogAssemblyErrors (0ms)
				InitializePlatformSupportModulesInManaged (7ms)
				SetLoadedEditorAssemblies (1ms)
				RefreshPlugins (39ms)
				BeforeProcessingInitializeOnLoad (23ms)
				ProcessInitializeOnLoadAttributes (108ms)
				ProcessInitializeOnLoadMethodAttributes (39ms)
				AfterProcessingInitializeOnLoad (0ms)
				EditorAssembliesLoaded (0ms)
			ExecutionOrderSort2 (0ms)
			AwakeInstancesAfterBackupRestoration (0ms)
Platform modules already initialized, skipping
Registering precompiled user dll's ...
Registered in 0.006713 seconds.
Begin MonoManager ReloadAssembly
Native extension for WindowsStandalone target not found
Refreshing native plugins compatible for Editor in 0.46 ms, found 2 plugins.
Preloading 0 native plugins for Editor in 0.00 ms.
Mono: successfully reloaded assembly
- Completed reload, in  1.961 seconds
Domain Reload Profiling:
	ReloadAssembly (1962ms)
		BeginReloadAssembly (221ms)
			ExecutionOrderSort (0ms)
			DisableScriptedObjects (8ms)
			BackupInstance (0ms)
			ReleaseScriptingObjects (0ms)
			CreateAndSetChildDomain (25ms)
		EndReloadAssembly (1642ms)
			LoadAssemblies (118ms)
			RebuildTransferFunctionScriptingTraits (0ms)
			SetupTypeCache (648ms)
			ReleaseScriptCaches (1ms)
			RebuildScriptCaches (103ms)
			SetupLoadedEditorAssemblies (559ms)
				LogAssemblyErrors (0ms)
				InitializePlatformSupportModulesInManaged (8ms)
				SetLoadedEditorAssemblies (1ms)
				RefreshPlugins (1ms)
				BeforeProcessingInitializeOnLoad (110ms)
				ProcessInitializeOnLoadAttributes (424ms)
				ProcessInitializeOnLoadMethodAttributes (6ms)
				AfterProcessingInitializeOnLoad (10ms)
				EditorAssembliesLoaded (0ms)
			ExecutionOrderSort2 (0ms)
			AwakeInstancesAfterBackupRestoration (10ms)
Platform modules already initialized, skipping
========================================================================
Worker process is ready to serve import requests
Launched and connected shader compiler UnityShaderCompiler.exe after 0.06 seconds
Refreshing native plugins compatible for Editor in 0.65 ms, found 2 plugins.
Preloading 0 native plugins for Editor in 0.00 ms.
Unloading 1400 Unused Serialized files (Serialized files now loaded: 0)
System memory in use before: 66.4 MB.
System memory in use after: 66.4 MB.

Unloading 18 unused Assets to reduce memory usage. Loaded Objects now: 1834.
Total: 6.859900 ms (FindLiveObjects: 0.293500 ms CreateObjectMapping: 0.074200 ms MarkObjects: 6.355200 ms  DeleteObjects: 0.134500 ms)

AssetImportParameters requested are different than current active one (requested -> active):
  custom:framework-win-MediaFoundation: 216162199b28c13a410421893ffa2e32 -> 
  custom:video-decoder-ogg-theora: a1e56fd34408186e4bbccfd4996cb3dc -> 
  custom:container-muxer-webm: aa71ff27fc2769a1b78a27578f13a17b -> 
  custom:container-demuxer-webm: 4f35f7cbe854078d1ac9338744f61a02 -> 
  custom:container-demuxer-ogg: 62fdf1f143b41e24485cea50d1cbac27 -> 
  custom:video-encoder-webm-vp8: eb34c28f22e8b96e1ab97ce403110664 -> 
  custom:video-codec-MediaFoundation-h265: 746d11721c4dcdbdad8f713fa42b33f4 -> 
  custom:video-decoder-webm-vp8: 9c59270c3fd7afecdb556c50c9e8de78 -> 
  custom:audio-decoder-ogg-vorbis: bf7c407c2cedff20999df2af8eb42d56 -> 
  custom:audio-encoder-webm-vorbis: bf7c407c2cedff20999df2af8eb42d56 -> 
========================================================================
Received Import Request.
  path: Assets/Ultimate 10 Plus Shaders
  artifactKey: Guid(eb1958cd536dc8443866efde9ace3c5b) Importer(815301076,1909f56bfc062723c751e8b465ee728b)
Start importing Assets/Ultimate 10 Plus Shaders using Guid(eb1958cd536dc8443866efde9ace3c5b) Importer(815301076,1909f56bfc062723c751e8b465ee728b)  -> (artifact id: '46a908b90faca9d239744348d6332ef8') in 0.010110 seconds 
  Import took 0.014989 seconds .

========================================================================
Received Import Request.
  Time since last request: 9.212154 seconds.
  path: Assets/Ultimate 10 Plus Shaders/Materials
  artifactKey: Guid(267b2271cbb34164685bc1824ea28ad0) Importer(815301076,1909f56bfc062723c751e8b465ee728b)
Start importing Assets/Ultimate 10 Plus Shaders/Materials using Guid(267b2271cbb34164685bc1824ea28ad0) Importer(815301076,1909f56bfc062723c751e8b465ee728b)  -> (artifact id: 'd1b76d601daeb42ab2fb4b50a16caf1b') in 0.003259 seconds 
  Import took 0.006400 seconds .

========================================================================
Received Import Request.
  Time since last request: 0.000418 seconds.
  path: Assets/Ultimate 10 Plus Shaders/Materials
  artifactKey: Guid(267b2271cbb34164685bc1824ea28ad0) Importer(815301076,1909f56bfc062723c751e8b465ee728b)
Start importing Assets/Ultimate 10 Plus Shaders/Materials using Guid(267b2271cbb34164685bc1824ea28ad0) Importer(815301076,1909f56bfc062723c751e8b465ee728b)  -> (artifact id: 'd1b76d601daeb42ab2fb4b50a16caf1b') in 0.002271 seconds 
  Import took 0.005108 seconds .

========================================================================
Received Import Request.
  Time since last request: 8.461792 seconds.
  path: Assets/Ultimate 10 Plus Shaders/DissolveTextrue
  artifactKey: Guid(267b2271cbb34164685bc1824ea28ad0) Importer(815301076,1909f56bfc062723c751e8b465ee728b)
Start importing Assets/Ultimate 10 Plus Shaders/DissolveTextrue using Guid(267b2271cbb34164685bc1824ea28ad0) Importer(815301076,1909f56bfc062723c751e8b465ee728b)  -> (artifact id: '1e9b93a0657435c98481ac1b8b91d982') in 0.002706 seconds 
  Import took 0.005462 seconds .

========================================================================
Received Import Request.
  Time since last request: 3.969100 seconds.
  path: Assets/Ultimate 10 Plus Shaders/DissolveTexture
  artifactKey: Guid(267b2271cbb34164685bc1824ea28ad0) Importer(815301076,1909f56bfc062723c751e8b465ee728b)
Start importing Assets/Ultimate 10 Plus Shaders/DissolveTexture using Guid(267b2271cbb34164685bc1824ea28ad0) Importer(815301076,1909f56bfc062723c751e8b465ee728b)  -> (artifact id: 'c425ea5d8f06d46c98023068da6de68e') in 0.002719 seconds 
  Import took 0.005776 seconds .

========================================================================
Received Import Request.
  Time since last request: 20.012500 seconds.
  path: Assets/Ultimate 10 Plus Shaders/Shaders
  artifactKey: Guid(f17760568d82351428b4b1b661bd7fbc) Importer(815301076,1909f56bfc062723c751e8b465ee728b)
Start importing Assets/Ultimate 10 Plus Shaders/Shaders using Guid(f17760568d82351428b4b1b661bd7fbc) Importer(815301076,1909f56bfc062723c751e8b465ee728b)  -> (artifact id: '0bafb3cdbd860d4d0c93c57711c2ff98') in 0.002773 seconds 
  Import took 0.005659 seconds .

========================================================================
Received Import Request.
  Time since last request: 0.000376 seconds.
  path: Assets/Ultimate 10 Plus Shaders/Shaders
  artifactKey: Guid(f17760568d82351428b4b1b661bd7fbc) Importer(815301076,1909f56bfc062723c751e8b465ee728b)
Start importing Assets/Ultimate 10 Plus Shaders/Shaders using Guid(f17760568d82351428b4b1b661bd7fbc) Importer(815301076,1909f56bfc062723c751e8b465ee728b)  -> (artifact id: '0bafb3cdbd860d4d0c93c57711c2ff98') in 0.002250 seconds 
  Import took 0.004964 seconds .

========================================================================
Received Import Request.
  Time since last request: 2.188313 seconds.
  path: Assets/Ultimate 10 Plus Shaders/DissolveShaders
  artifactKey: Guid(f17760568d82351428b4b1b661bd7fbc) Importer(815301076,1909f56bfc062723c751e8b465ee728b)
Start importing Assets/Ultimate 10 Plus Shaders/DissolveShaders using Guid(f17760568d82351428b4b1b661bd7fbc) Importer(815301076,1909f56bfc062723c751e8b465ee728b)  -> (artifact id: '642d517b198d61a4535b55ea9445eefc') in 0.002962 seconds 
  Import took 0.006707 seconds .

========================================================================
Received Import Request.
  Time since last request: 9.871887 seconds.
  path: Assets/Resource/Shader
  artifactKey: Guid(0fce783d98aa70745838020c3d37bb27) Importer(815301076,1909f56bfc062723c751e8b465ee728b)
Start importing Assets/Resource/Shader using Guid(0fce783d98aa70745838020c3d37bb27) Importer(815301076,1909f56bfc062723c751e8b465ee728b)  -> (artifact id: 'a0f52d71c9ccb89d71dde516cfe0c639') in 0.002760 seconds 
  Import took 0.005829 seconds .

AssetImportWorkerClient::OnTransportError - code=2 error=End of file
